0 info it worked if it ends with ok
1 verbose cli [ '/usr/bin/nodejs', '/usr/bin/npm', 'install' ]
2 info using npm@1.3.10
3 info using node@v0.10.25
4 warn package.json MyApp@ No repository field.
5 verbose readDependencies using package.json deps
6 verbose install where, deps [ '/home/doron/Documents/nurego/testApp/myApp',
6 verbose install   [ 'bower',
6 verbose install     'grunt-cli',
6 verbose install     'grunt',
6 verbose install     'grunt-contrib-sass',
6 verbose install     'grunt-contrib-copy',
6 verbose install     'grunt-contrib-clean',
6 verbose install     'grunt-contrib-jshint',
6 verbose install     'grunt-contrib-cssmin',
6 verbose install     'grunt-contrib-requirejs',
6 verbose install     'grunt-contrib-connect',
6 verbose install     'grunt-contrib-watch',
6 verbose install     'grunt-connect-proxy',
6 verbose install     'grunt-rails-server',
6 verbose install     'load-grunt-tasks',
6 verbose install     'almond' ] ]
7 info preinstall MyApp@
8 verbose readDependencies using package.json deps
9 verbose already installed skipping bower@~1.2.0 /home/doron/Documents/nurego/testApp/myApp
10 verbose already installed skipping grunt-cli@~0.1.7 /home/doron/Documents/nurego/testApp/myApp
11 verbose already installed skipping grunt@~0.4.1 /home/doron/Documents/nurego/testApp/myApp
12 verbose already installed skipping grunt-contrib-sass@~0.7.3 /home/doron/Documents/nurego/testApp/myApp
13 verbose already installed skipping grunt-contrib-copy@~0.4.1 /home/doron/Documents/nurego/testApp/myApp
14 verbose already installed skipping grunt-contrib-clean@~0.4.1 /home/doron/Documents/nurego/testApp/myApp
15 verbose already installed skipping grunt-contrib-jshint@~0.4.3 /home/doron/Documents/nurego/testApp/myApp
16 verbose already installed skipping grunt-contrib-cssmin@~0.6.0 /home/doron/Documents/nurego/testApp/myApp
17 verbose already installed skipping grunt-contrib-requirejs@~0.4.1 /home/doron/Documents/nurego/testApp/myApp
18 verbose already installed skipping grunt-contrib-watch@~0.5.3 /home/doron/Documents/nurego/testApp/myApp
19 verbose already installed skipping grunt-contrib-connect@~0.5.0 /home/doron/Documents/nurego/testApp/myApp
20 verbose cache add [ 'grunt-connect-proxy@~0.1.5', null ]
21 verbose cache add name=undefined spec="grunt-connect-proxy@~0.1.5" args=["grunt-connect-proxy@~0.1.5",null]
22 verbose parsed url { protocol: null,
22 verbose parsed url   slashes: null,
22 verbose parsed url   auth: null,
22 verbose parsed url   host: null,
22 verbose parsed url   port: null,
22 verbose parsed url   hostname: null,
22 verbose parsed url   hash: null,
22 verbose parsed url   search: null,
22 verbose parsed url   query: null,
22 verbose parsed url   pathname: 'grunt-connect-proxy@~0.1.5',
22 verbose parsed url   path: 'grunt-connect-proxy@~0.1.5',
22 verbose parsed url   href: 'grunt-connect-proxy@~0.1.5' }
23 verbose cache add name="grunt-connect-proxy" spec="~0.1.5" args=["grunt-connect-proxy","~0.1.5"]
24 verbose parsed url { protocol: null,
24 verbose parsed url   slashes: null,
24 verbose parsed url   auth: null,
24 verbose parsed url   host: null,
24 verbose parsed url   port: null,
24 verbose parsed url   hostname: null,
24 verbose parsed url   hash: null,
24 verbose parsed url   search: null,
24 verbose parsed url   query: null,
24 verbose parsed url   pathname: '~0.1.5',
24 verbose parsed url   path: '~0.1.5',
24 verbose parsed url   href: '~0.1.5' }
25 verbose addNamed [ 'grunt-connect-proxy', '~0.1.5' ]
26 verbose addNamed [ null, '>=0.1.5-0 <0.2.0-0' ]
27 verbose cache add [ 'grunt-rails-server@git://github.com/joefiorini/grunt-rails-server.git',
27 verbose cache add   null ]
28 verbose cache add name=undefined spec="grunt-rails-server@git://github.com/joefiorini/grunt-rails-server.git" args=["grunt-rails-server@git://github.com/joefiorini/grunt-rails-server.git",null]
29 verbose parsed url { protocol: null,
29 verbose parsed url   slashes: null,
29 verbose parsed url   auth: null,
29 verbose parsed url   host: null,
29 verbose parsed url   port: null,
29 verbose parsed url   hostname: null,
29 verbose parsed url   hash: null,
29 verbose parsed url   search: null,
29 verbose parsed url   query: null,
29 verbose parsed url   pathname: 'grunt-rails-server@git://github.com/joefiorini/grunt-rails-server.git',
29 verbose parsed url   path: 'grunt-rails-server@git://github.com/joefiorini/grunt-rails-server.git',
29 verbose parsed url   href: 'grunt-rails-server@git://github.com/joefiorini/grunt-rails-server.git' }
30 verbose cache add name="grunt-rails-server" spec="git://github.com/joefiorini/grunt-rails-server.git" args=["grunt-rails-server","git://github.com/joefiorini/grunt-rails-server.git"]
31 verbose parsed url { protocol: 'git:',
31 verbose parsed url   slashes: true,
31 verbose parsed url   auth: null,
31 verbose parsed url   host: 'github.com',
31 verbose parsed url   port: null,
31 verbose parsed url   hostname: 'github.com',
31 verbose parsed url   hash: null,
31 verbose parsed url   search: null,
31 verbose parsed url   query: null,
31 verbose parsed url   pathname: '/joefiorini/grunt-rails-server.git',
31 verbose parsed url   path: '/joefiorini/grunt-rails-server.git',
31 verbose parsed url   href: 'git://github.com/joefiorini/grunt-rails-server.git' }
32 verbose already installed skipping load-grunt-tasks@~0.1.0 /home/doron/Documents/nurego/testApp/myApp
33 silly lockFile 83651847-grunt-connect-proxy-0-1-5 grunt-connect-proxy@~0.1.5
34 verbose lock grunt-connect-proxy@~0.1.5 /home/doron/.npm/83651847-grunt-connect-proxy-0-1-5.lock
35 silly lockFile 47ade074-oefiorini-grunt-rails-server-git git://github.com/joefiorini/grunt-rails-server.git
36 verbose lock git://github.com/joefiorini/grunt-rails-server.git /home/doron/.npm/47ade074-oefiorini-grunt-rails-server-git.lock
37 silly addNameRange { name: 'grunt-connect-proxy',
37 silly addNameRange   range: '>=0.1.5-0 <0.2.0-0',
37 silly addNameRange   hasData: false }
38 verbose already installed skipping almond@~0.2.6 /home/doron/Documents/nurego/testApp/myApp
39 verbose addRemoteGit [ 'git://github.com/joefiorini/grunt-rails-server.git',
39 verbose addRemoteGit   'master' ]
40 verbose url raw grunt-connect-proxy
41 verbose url resolving [ 'https://registry.npmjs.org/', './grunt-connect-proxy' ]
42 verbose url resolved https://registry.npmjs.org/grunt-connect-proxy
43 info trying registry request attempt 1 at 14:12:27
44 verbose etag "7T50PU98TPZQ42R96XNXOH3P0"
45 http GET https://registry.npmjs.org/grunt-connect-proxy
46 verbose git remote.origin.url git://github.com/joefiorini/grunt-rails-server.git
47 http 304 https://registry.npmjs.org/grunt-connect-proxy
48 silly registry.get cb [ 304,
48 silly registry.get   { date: 'Wed, 28 Oct 2015 12:12:27 GMT',
48 silly registry.get     via: '1.1 varnish',
48 silly registry.get     'cache-control': 'max-age=60',
48 silly registry.get     etag: '"7T50PU98TPZQ42R96XNXOH3P0"',
48 silly registry.get     age: '12',
48 silly registry.get     connection: 'keep-alive',
48 silly registry.get     'x-served-by': 'cache-lhr6324-LHR',
48 silly registry.get     'x-cache': 'HIT',
48 silly registry.get     'x-cache-hits': '1',
48 silly registry.get     'x-timer': 'S1446034347.581197,VS0,VE3',
48 silly registry.get     vary: 'Accept' } ]
49 verbose etag grunt-connect-proxy from cache
50 silly addNameRange number 2 { name: 'grunt-connect-proxy',
50 silly addNameRange   range: '>=0.1.5-0 <0.2.0-0',
50 silly addNameRange   hasData: true }
51 silly addNameRange versions [ 'grunt-connect-proxy',
51 silly addNameRange   [ '0.1.0',
51 silly addNameRange     '0.1.1',
51 silly addNameRange     '0.1.2',
51 silly addNameRange     '0.1.3',
51 silly addNameRange     '0.1.4',
51 silly addNameRange     '0.1.5',
51 silly addNameRange     '0.1.6',
51 silly addNameRange     '0.1.7',
51 silly addNameRange     '0.1.8',
51 silly addNameRange     '0.1.10',
51 silly addNameRange     '0.1.11',
51 silly addNameRange     '0.2.0' ] ]
52 verbose addNamed [ 'grunt-connect-proxy', '0.1.11' ]
53 verbose addNamed [ '0.1.11', '0.1.11' ]
54 silly lockFile 2b948ab8-grunt-connect-proxy-0-1-11 grunt-connect-proxy@0.1.11
55 verbose lock grunt-connect-proxy@0.1.11 /home/doron/.npm/2b948ab8-grunt-connect-proxy-0-1-11.lock
56 silly lockFile 2b948ab8-grunt-connect-proxy-0-1-11 grunt-connect-proxy@0.1.11
57 silly lockFile 2b948ab8-grunt-connect-proxy-0-1-11 grunt-connect-proxy@0.1.11
58 silly lockFile 83651847-grunt-connect-proxy-0-1-5 grunt-connect-proxy@~0.1.5
59 silly lockFile 83651847-grunt-connect-proxy-0-1-5 grunt-connect-proxy@~0.1.5
60 error git fetch -a origin (git://github.com/joefiorini/grunt-rails-server.git) error: cannot open FETCH_HEAD: Permission denied
61 silly lockFile 47ade074-oefiorini-grunt-rails-server-git git://github.com/joefiorini/grunt-rails-server.git
62 silly lockFile 47ade074-oefiorini-grunt-rails-server-git git://github.com/joefiorini/grunt-rails-server.git
63 error Error: Command failed: error: cannot open FETCH_HEAD: Permission denied
63 error
63 error
63 error     at ChildProcess.exithandler (child_process.js:637:15)
63 error     at ChildProcess.EventEmitter.emit (events.js:98:17)
63 error     at maybeClose (child_process.js:743:16)
63 error     at Process.ChildProcess._handle.onexit (child_process.js:810:5)
64 error If you need help, you may report this log at:
64 error     <http://github.com/isaacs/npm/issues>
64 error or email it to:
64 error     <npm-@googlegroups.com>
65 error System Linux 3.16.0-50-generic
66 error command "/usr/bin/nodejs" "/usr/bin/npm" "install"
67 error cwd /home/doron/Documents/nurego/testApp/myApp
68 error node -v v0.10.25
69 error npm -v 1.3.10
70 error code 1
71 verbose exit [ 1, true ]
